2019-07-29 10:56:44.235549: I tensorflow/stream_executor/platform/default/dso_loader.cc:42] Successfully opened dynamic library libcuda.so.1
2019-07-29 10:56:44.460815: I tensorflow/core/common_runtime/gpu/gpu_device.cc:1640] Found device 0 with properties: 
name: GeForce GTX 1080 Ti major: 6 minor: 1 memoryClockRate(GHz): 1.62
pciBusID: 0000:04:00.0
2019-07-29 10:56:44.461483: I tensorflow/core/common_runtime/gpu/gpu_device.cc:1640] Found device 1 with properties: 
name: Quadro P400 major: 6 minor: 1 memoryClockRate(GHz): 1.2525
pciBusID: 0000:05:00.0
2019-07-29 10:56:44.489310: I tensorflow/stream_executor/platform/default/dso_loader.cc:42] Successfully opened dynamic library libcudart.so.10.0
2019-07-29 10:56:44.644871: I tensorflow/stream_executor/platform/default/dso_loader.cc:42] Successfully opened dynamic library libcublas.so.10.0
2019-07-29 10:56:44.720487: I tensorflow/stream_executor/platform/default/dso_loader.cc:42] Successfully opened dynamic library libcufft.so.10.0
2019-07-29 10:56:44.757004: I tensorflow/stream_executor/platform/default/dso_loader.cc:42] Successfully opened dynamic library libcurand.so.10.0
2019-07-29 10:56:44.930933: I tensorflow/stream_executor/platform/default/dso_loader.cc:42] Successfully opened dynamic library libcusolver.so.10.0
2019-07-29 10:56:45.036474: I tensorflow/stream_executor/platform/default/dso_loader.cc:42] Successfully opened dynamic library libcusparse.so.10.0
2019-07-29 10:56:45.258087: I tensorflow/stream_executor/platform/default/dso_loader.cc:42] Successfully opened dynamic library libcudnn.so.7
2019-07-29 10:56:45.262001: I tensorflow/core/common_runtime/gpu/gpu_device.cc:1748] Ignoring visible gpu device (device: 1, name: Quadro P400, pci bus id: 0000:05:00.0, compute capability: 6.1) with core count: 2. The minimum required count is 8. You can adjust this requirement with the env var TF_MIN_GPU_MULTIPROCESSOR_COUNT.
2019-07-29 10:56:45.262018: I tensorflow/core/common_runtime/gpu/gpu_device.cc:1763] Adding visible gpu devices: 0
2019-07-29 10:56:45.275573: I tensorflow/core/platform/cpu_feature_guard.cc:142] Your CPU supports instructions that this TensorFlow binary was not compiled to use: AVX2 FMA
2019-07-29 10:56:45.512808: I tensorflow/compiler/xla/service/service.cc:168] XLA service 0x6970190 executing computations on platform CUDA. Devices:
2019-07-29 10:56:45.512860: I tensorflow/compiler/xla/service/service.cc:175]   StreamExecutor device (0): GeForce GTX 1080 Ti, Compute Capability 6.1
2019-07-29 10:56:45.628478: I tensorflow/core/platform/profile_utils/cpu_utils.cc:94] CPU Frequency: 3491935000 Hz
2019-07-29 10:56:45.629079: I tensorflow/compiler/xla/service/service.cc:168] XLA service 0x69e11a0 executing computations on platform Host. Devices:
2019-07-29 10:56:45.629120: I tensorflow/compiler/xla/service/service.cc:175]   StreamExecutor device (0): <undefined>, <undefined>
2019-07-29 10:56:45.630991: I tensorflow/core/common_runtime/gpu/gpu_device.cc:1640] Found device 0 with properties: 
name: GeForce GTX 1080 Ti major: 6 minor: 1 memoryClockRate(GHz): 1.62
pciBusID: 0000:04:00.0
2019-07-29 10:56:45.631054: I tensorflow/stream_executor/platform/default/dso_loader.cc:42] Successfully opened dynamic library libcudart.so.10.0
2019-07-29 10:56:45.631081: I tensorflow/stream_executor/platform/default/dso_loader.cc:42] Successfully opened dynamic library libcublas.so.10.0
2019-07-29 10:56:45.631103: I tensorflow/stream_executor/platform/default/dso_loader.cc:42] Successfully opened dynamic library libcufft.so.10.0
2019-07-29 10:56:45.631125: I tensorflow/stream_executor/platform/default/dso_loader.cc:42] Successfully opened dynamic library libcurand.so.10.0
2019-07-29 10:56:45.631146: I tensorflow/stream_executor/platform/default/dso_loader.cc:42] Successfully opened dynamic library libcusolver.so.10.0
2019-07-29 10:56:45.631168: I tensorflow/stream_executor/platform/default/dso_loader.cc:42] Successfully opened dynamic library libcusparse.so.10.0
2019-07-29 10:56:45.631190: I tensorflow/stream_executor/platform/default/dso_loader.cc:42] Successfully opened dynamic library libcudnn.so.7
2019-07-29 10:56:45.634648: I tensorflow/core/common_runtime/gpu/gpu_device.cc:1763] Adding visible gpu devices: 0
2019-07-29 10:56:45.649624: I tensorflow/stream_executor/platform/default/dso_loader.cc:42] Successfully opened dynamic library libcudart.so.10.0
2019-07-29 10:56:45.674566: I tensorflow/core/common_runtime/gpu/gpu_device.cc:1181] Device interconnect StreamExecutor with strength 1 edge matrix:
2019-07-29 10:56:45.674585: I tensorflow/core/common_runtime/gpu/gpu_device.cc:1187]      0 
2019-07-29 10:56:45.674591: I tensorflow/core/common_runtime/gpu/gpu_device.cc:1200] 0:   N 
2019-07-29 10:56:45.685516: I tensorflow/core/common_runtime/gpu/gpu_device.cc:1326] Created TensorFlow device (/job:localhost/replica:0/task:0/device:GPU:0 with 10479 MB memory) -> physical GPU (device: 0, name: GeForce GTX 1080 Ti, pci bus id: 0000:04:00.0, compute capability: 6.1)
2019-07-29 10:56:51.338202: I tensorflow/stream_executor/platform/default/dso_loader.cc:42] Successfully opened dynamic library libcublas.so.10.0
epoch 0 out of  40 site 0
WARNING: Logging before flag parsing goes to stderr.
W0729 11:02:36.844559 139767052879616 deprecation.py:323] From /home/juan/Downloads/tf_2/lib/python3.5/site-packages/tensorflow/python/ops/array_ops.py:1340: add_dispatch_support.<locals>.wrapper (from tensorflow.python.ops.array_ops) is deprecated and will be removed in a future version.
Instructions for updating:
Use tf.where in 2.0, which has the same broadcast rule as np.where
2019-07-29 11:02:41.988045: W tensorflow/compiler/jit/mark_for_compilation_pass.cc:1483] (One-time warning): Not using XLA:CPU for cluster because envvar TF_XLA_FLAGS=--tf_xla_cpu_global_jit was not set.  If you want XLA:CPU, either set that envvar, or use experimental_jit_scope to enable XLA:CPU.  To confirm that XLA is active, pass --vmodule=xla_compilation_cache=1 (as a proper command-line flag, not via TF_XLA_FLAGS) or set the envvar XLA_FLAGS=--xla_hlo_profile.
